
> react-typescript-starter@0.1.0 test
> react-scripts test "--coverage"

PASS src/Tests/viewDegreePlansListTest.test.tsx
PASS src/Tests/viewDegreePlanTest.test.tsx
PASS src/interfaces/DegreePlan.test.tsx
PASS src/interfaces/Course.test.tsx
PASS src/Tests/editCourse.test.tsx
PASS src/Tests/addCourse.test.tsx
PASS src/Tests/viewSemesterTest.test.tsx
PASS src/Tests/editCourseRequirements.test.tsx
PASS src/Tests/editSemester.test.tsx
PASS src/Tests/editDegreePlan.test.tsx
PASS src/Tests/viewCoursePool.test.tsx
PASS src/Tests/viewCourse.test.tsx
PASS src/interfaces/Requirements.test.tsx
PASS src/App.test.tsx
-----------------------------|---------|----------|---------|---------|-----------------------------
File                         | % Stmts | % Branch | % Funcs | % Lines | Uncovered Line #s           
-----------------------------|---------|----------|---------|---------|-----------------------------
All files                    |   67.81 |    61.39 |   79.52 |   67.81 |                             
 src                         |   74.35 |    55.55 |      75 |   74.35 |                             
  App.tsx                    |   74.35 |    55.55 |      75 |   74.35 | 37,40,43,58-59,62,67-69,102 
 src/Compontents             |   63.91 |    58.55 |   76.96 |   63.91 |                             
  ImportCSV.tsx              |       0 |        0 |       0 |       0 | 29-172                      
  addCourse.tsx              |   69.01 |    68.96 |      75 |   69.01 | 192-225,238,286,372,379,421 
  addDegreePlansList.tsx     |   69.23 |        0 |   71.42 |   69.23 | 47-51                       
  editCourse.tsx             |    87.5 |       60 |     100 |    87.5 | 35,41,47                    
  editCourseRequirements.tsx |      90 |    60.71 |     100 |      90 | 37,43,49                    
  editDegreePlan.tsx         |   66.66 |       50 |      75 |   66.66 | 30,47-51                    
  editSemester.tsx           |   52.17 |      100 |   57.14 |   52.17 | 22-37                       
  readJSON.tsx               |     100 |      100 |     100 |     100 |                             
  viewCourse.tsx             |   66.66 |    72.09 |      72 |   66.66 | 39-62,69,98,104,110,214-239 
  viewCoursePool.tsx         |   22.58 |       10 |      40 |   22.58 | 25-63,84,108                
  viewDegreePlan.tsx         |   91.89 |    89.28 |     100 |   91.89 | 36,55,72                    
  viewDegreePlansList.tsx    |     100 |    94.73 |     100 |     100 | 198                         
  viewSemester.tsx           |   88.63 |    82.14 |     100 |   88.63 | 39,45,66,72,91              
 src/interfaces              |    83.9 |    76.56 |     100 |    83.9 |                             
  Course.ts                  |     100 |      100 |     100 |     100 |                             
  CourseCSVTable.ts          |     100 |      100 |     100 |     100 |                             
  Degree.ts                  |     100 |      100 |     100 |     100 |                             
  DegreePlan.ts              |   88.23 |    81.81 |     100 |   88.23 | 49,59,82,125                
  Requirements.ts            |      65 |       50 |     100 |      65 | 47,50,53,56,59,65,68        
  Semester.ts                |   85.71 |     62.5 |     100 |   85.71 | 73-76                       
-----------------------------|---------|----------|---------|---------|-----------------------------

Test Suites: 14 passed, 14 total
Tests:       55 passed, 55 total
Snapshots:   0 total
Time:        14.894 s
Ran all test suites.
